#
# There is insufficient memory for the Java Runtime Environment to continue.
# Native memory allocation (mmap) failed to map 266338304 bytes for G1 virtual space
# Possible reasons:
#   The system is out of physical RAM or swap space
#   The process is running with CompressedOops enabled, and the Java Heap may be blocking the growth of the native heap
# Possible solutions:
#   Reduce memory load on the system
#   Increase physical memory or swap space
#   Check if swap backing store is full
#   Decrease Java heap size (-Xmx/-Xms)
#   Decrease number of Java threads
#   Decrease Java thread stack sizes (-Xss)
#   Set larger code cache with -XX:ReservedCodeCacheSize=
#   JVM is running with Zero Based Compressed Oops mode in which the Java heap is
#     placed in the first 32GB address space. The Java Heap base address is the
#     maximum limit for the native heap growth. Please use -XX:HeapBaseMinAddress
#     to set the Java Heap base and to place the Java Heap above 32GB virtual address.
# This output file may be truncated or incomplete.
#
#  Out of Memory Error (os_windows.cpp:3469), pid=30592, tid=30652
#
# JRE version:  (17.0.1+12) (build )
# Java VM: Java HotSpot(TM) 64-Bit Server VM (17.0.1+12-LTS-39, mixed mode, sharing, tiered, compressed oops, compressed class ptrs, g1 gc, windows-amd64)
# No core dump will be written. Minidumps are not enabled by default on client versions of Windows
#

---------------  S U M M A R Y ------------

Command Line: -Dfile.encoding=UTF-8 --module-path=E:\GitHub\Word-elip\QuanLyQuanCaFe\src\MySQL\mysql-connector-java-8.0.27.jar -XX:+ShowCodeDetailsInExceptionMessages View.Main.JF_Login

Host: 11th Gen Intel(R) Core(TM) i5-11300H @ 3.10GHz, 8 cores, 15G,  Windows 10 , 64 bit Build 22000 (10.0.22000.708)
Time: Mon Jul  4 03:27:45 2022 SE Asia Standard Time elapsed time: 0.008915 seconds (0d 0h 0m 0s)

---------------  T H R E A D  ---------------

Current thread (0x0000021918cb4620):  JavaThread "Unknown thread" [_thread_in_vm, id=30652, stack(0x0000009924600000,0x0000009924700000)]

Stack: [0x0000009924600000,0x0000009924700000]
Native frames: (J=compiled Java code, j=interpreted, Vv=VM code, C=native code)
V  [jvm.dll+0x66fa1a]
V  [jvm.dll+0x7ce5a4]
V  [jvm.dll+0x7cfd4e]
V  [jvm.dll+0x7d03b3]
V  [jvm.dll+0x242b05]
V  [jvm.dll+0x66ca39]
V  [jvm.dll+0x661502]
V  [jvm.dll+0x30081b]
V  [jvm.dll+0x307da6]
V  [jvm.dll+0x357a1e]
V  [jvm.dll+0x357c4f]
V  [jvm.dll+0x2d7ad8]
V  [jvm.dll+0x2d8a44]
V  [jvm.dll+0x7a01e1]
V  [jvm.dll+0x365791]
V  [jvm.dll+0x77f6cc]
V  [jvm.dll+0x3e812f]
V  [jvm.dll+0x3e9bd1]
C  [jli.dll+0x527b]
C  [ucrtbase.dll+0x26c0c]
C  [KERNEL32.DLL+0x154e0]
C  [ntdll.dll+0x485b]


---------------  P R O C E S S  ---------------

Threads class SMR info:
_java_thread_list=0x00007ffbdd9f7818, length=0, elements={
}

Java Threads: ( => current thread )

Other Threads:
  0x0000021918cfda50 GCTaskThread "GC Thread#0" [stack: 0x0000009924700000,0x0000009924800000] [id=30656]
  0x0000021918d0fd20 ConcurrentGCThread "G1 Main Marker" [stack: 0x0000009924800000,0x0000009924900000] [id=30660]
  0x0000021918d10640 ConcurrentGCThread "G1 Conc#0" [stack: 0x0000009924900000,0x0000009924a00000] [id=30664]

[error occurred during error reporting (printing all threads), id 0xc0000005, EXCEPTION_ACCESS_VIOLATION (0xc0000005) at pc=0x00007ffbdd2484b7]

VM state: not at safepoint (not fully initialized)

VM Mutex/Monitor currently owned by a thread:  ([mutex/lock_event])
[0x0000021918cafdf0] Heap_lock - owner thread: 0x0000021918cb4620

Heap address: 0x0000000703200000, size: 4046 MB, Compressed Oops mode: Zero based, Oop shift amount: 3

CDS archive(s) mapped at: [0x0000000000000000-0x0000000000000000-0x0000000000000000), size 0, SharedBaseAddress: 0x0000000800000000, ArchiveRelocationMode: 0.
Narrow klass base: 0x0000000000000000, Narrow klass shift: 0, Narrow klass range: 0x0

GC Precious Log:
<Empty>

Heap:
 garbage-first heap   total 0K, used 0K [0x0000000703200000, 0x0000000800000000)
  region size 2048K, 0 young (0K), 0 survivors (0K)

[error occurred during error reporting (printing heap information), id 0xc0000005, EXCEPTION_ACCESS_VIOLATION (0xc0000005) at pc=0x00007ffbdd628d89]

GC Heap History (0 events):
No events

Deoptimization events (0 events):
No events

Classes unloaded (0 events):
No events

Classes redefined (0 events):
No events

Internal exceptions (0 events):
No events

VM Operations (0 events):
No events

Events (1 events):
Event: 0.006 Loaded shared library C:\Program Files\Java\jdk-17.0.1\bin\java.dll


Dynamic libraries:
0x00007ff631150000 - 0x00007ff631160000 	C:\Program Files\Java\jdk-17.0.1\bin\javaw.exe
0x00007ffc2f720000 - 0x00007ffc2f929000 	C:\WINDOWS\SYSTEM32\ntdll.dll
0x00007ffc2ed20000 - 0x00007ffc2eddd000 	C:\WINDOWS\System32\KERNEL32.DLL
0x00007ffc2cd70000 - 0x00007ffc2d0e9000 	C:\WINDOWS\System32\KERNELBASE.dll
0x00007ffc2d3f0000 - 0x00007ffc2d501000 	C:\WINDOWS\System32\ucrtbase.dll
0x00007ffc02070000 - 0x00007ffc0208a000 	C:\Program Files\Java\jdk-17.0.1\bin\VCRUNTIME140.dll
0x00007ffc01f90000 - 0x00007ffc01fa8000 	C:\Program Files\Java\jdk-17.0.1\bin\jli.dll
0x00007ffc2f510000 - 0x00007ffc2f5be000 	C:\WINDOWS\System32\ADVAPI32.dll
0x00007ffc2d840000 - 0x00007ffc2d8e3000 	C:\WINDOWS\System32\msvcrt.dll
0x00007ffc2f380000 - 0x00007ffc2f41e000 	C:\WINDOWS\System32\sechost.dll
0x00007ffc2f5c0000 - 0x00007ffc2f6e0000 	C:\WINDOWS\System32\RPCRT4.dll
0x00007ffc2f170000 - 0x00007ffc2f31c000 	C:\WINDOWS\System32\USER32.dll
0x00007ffc2d350000 - 0x00007ffc2d376000 	C:\WINDOWS\System32\win32u.dll
0x00007ffc17a90000 - 0x00007ffc17d35000 	C:\WINDOWS\WinSxS\amd64_microsoft.windows.common-controls_6595b64144ccf1df_6.0.22000.120_none_9d947278b86cc467\COMCTL32.dll
0x00007ffc2e490000 - 0x00007ffc2e4b9000 	C:\WINDOWS\System32\GDI32.dll
0x00007ffc2d230000 - 0x00007ffc2d342000 	C:\WINDOWS\System32\gdi32full.dll
0x00007ffc2d510000 - 0x00007ffc2d5ad000 	C:\WINDOWS\System32\msvcp_win.dll
0x00007ffc225e0000 - 0x00007ffc225ea000 	C:\WINDOWS\SYSTEM32\VERSION.dll
0x00007ffc2f4d0000 - 0x00007ffc2f501000 	C:\WINDOWS\System32\IMM32.DLL
0x00007ffc273e0000 - 0x00007ffc273ec000 	C:\Program Files\Java\jdk-17.0.1\bin\vcruntime140_1.dll
0x00007ffbfada0000 - 0x00007ffbfae2d000 	C:\Program Files\Java\jdk-17.0.1\bin\msvcp140.dll
0x00007ffbdcf60000 - 0x00007ffbddb1e000 	C:\Program Files\Java\jdk-17.0.1\bin\server\jvm.dll
0x00007ffc2e480000 - 0x00007ffc2e488000 	C:\WINDOWS\System32\PSAPI.DLL
0x00007ffc272c0000 - 0x00007ffc272f3000 	C:\WINDOWS\SYSTEM32\WINMM.dll
0x00007ffc1f500000 - 0x00007ffc1f509000 	C:\WINDOWS\SYSTEM32\WSOCK32.dll
0x00007ffc2f100000 - 0x00007ffc2f16f000 	C:\WINDOWS\System32\WS2_32.dll
0x00007ffc2bdf0000 - 0x00007ffc2be08000 	C:\WINDOWS\SYSTEM32\kernel.appcore.dll
0x00007ffc1a270000 - 0x00007ffc1a27a000 	C:\Program Files\Java\jdk-17.0.1\bin\jimage.dll
0x00007ffc2a270000 - 0x00007ffc2a491000 	C:\WINDOWS\SYSTEM32\DBGHELP.DLL
0x00007ffc1ea70000 - 0x00007ffc1eaa1000 	C:\WINDOWS\SYSTEM32\dbgcore.DLL
0x00007ffc2d0f0000 - 0x00007ffc2d16f000 	C:\WINDOWS\System32\bcryptPrimitives.dll
0x00007ffbfad70000 - 0x00007ffbfad95000 	C:\Program Files\Java\jdk-17.0.1\bin\java.dll

dbghelp: loaded successfully - version: 4.0.5 - missing functions: none
symbol engine: initialized successfully - sym options: 0x614 - pdb path: .;C:\Program Files\Java\jdk-17.0.1\bin;C:\WINDOWS\SYSTEM32;C:\WINDOWS\WinSxS\amd64_microsoft.windows.common-controls_6595b64144ccf1df_6.0.22000.120_none_9d947278b86cc467;C:\Program Files\Java\jdk-17.0.1\bin\server

VM Arguments:
jvm_args: -Dfile.encoding=UTF-8 --module-path=E:\GitHub\Word-elip\QuanLyQuanCaFe\src\MySQL\mysql-connector-java-8.0.27.jar -XX:+ShowCodeDetailsInExceptionMessages 
java_command: View.Main.JF_Login
java_class_path (initial): E:\GitHub\Word-elip\QuanLyQuanCaFe\bin;E:\GitHub\Word-elip\QuanLyQuanCaFe\miglayout15-swing.jar
Launcher Type: SUN_STANDARD

[Global flags]
     intx CICompilerCount                          = 4                                         {product} {ergonomic}
     uint ConcGCThreads                            = 2                                         {product} {ergonomic}
     uint G1ConcRefinementThreads                  = 8                                         {product} {ergonomic}
   size_t G1HeapRegionSize                         = 2097152                                   {product} {ergonomic}
    uintx GCDrainStackTargetSize                   = 64                                        {product} {ergonomic}
   size_t InitialHeapSize                          = 266338304                                 {product} {ergonomic}
   size_t MarkStackSize                            = 4194304                                   {product} {ergonomic}
   size_t MaxHeapSize                              = 4242538496                                {product} {ergonomic}
   size_t MinHeapDeltaBytes                        = 2097152                                   {product} {ergonomic}
   size_t MinHeapSize                              = 8388608                                   {product} {ergonomic}
    uintx NonNMethodCodeHeapSize                   = 5839372                                {pd product} {ergonomic}
    uintx NonProfiledCodeHeapSize                  = 122909434                              {pd product} {ergonomic}
    uintx ProfiledCodeHeapSize                     = 122909434                              {pd product} {ergonomic}
    uintx ReservedCodeCacheSize                    = 251658240                              {pd product} {ergonomic}
     bool SegmentedCodeCache                       = true                                      {product} {ergonomic}
     bool ShowCodeDetailsInExceptionMessages       = true                                   {manageable} {command line}
   size_t SoftMaxHeapSize                          = 4242538496                             {manageable} {ergonomic}
     bool UseCompressedClassPointers               = true                           {product lp64_product} {ergonomic}
     bool UseCompressedOops                        = true                           {product lp64_product} {ergonomic}
     bool UseG1GC                                  = true                                      {product} {ergonomic}
     bool UseLargePagesIndividualAllocation        = false                                  {pd product} {ergonomic}

Logging:
Log output configuration:
 #0: stdout all=warning uptime,level,tags
 #1: stderr all=off uptime,level,tags

Environment Variables:
JAVA_HOME=C:\Program Files\Java\jdk-17.0.1
PATH=C:\Program Files\Common Files\Oracle\Java\javapath;D:\Program Files\Python\Scripts\;D:\Program Files\Python\;C:\Program Files (x86)\Common Files\Intel\Shared Libraries\redist\intel64\compiler;C:\WINDOWS\system32;C:\WINDOWS;C:\WINDOWS\System32\Wbem;C:\WINDOWS\System32\WindowsPowerShell\v1.0\;C:\WINDOWS\System32\OpenSSH\;C:\Program Files\Java\jdk-17.0.1\bin;.;D:\Program Files\nvm;D:\Program Files\nodejs;C:\Program Files\Microsoft SQL Server\150\Tools\Binn\;C:\Program Files\Microsoft SQL Server\Client SDK\ODBC\170\Tools\Binn\;C:\Program Files\Microsoft SQL Server\Client SDK\ODBC\130\Tools\Binn\;C:\Program Files (x86)\Microsoft SQL Server\110\Tools\Binn\;C:\Program Files (x86)\Microsoft SQL Server\110\DTS\Binn\;C:\Program Files (x86)\Microsoft SQL Server\110\Tools\Binn\ManagementStudio\;C:\Program Files\Microsoft SQL Server\130\Tools\Binn\;C:\Program Files\dotnet\;D:\Program Files\Git\cmd;C:\Users\ACER\AppData\Local\Microsoft\WindowsApps;C:\Users\ACER\AppData\Local\GitHubDesktop\bin;D:\Program Files\nvm;D:\Program Files\nodejs;C:\Users\ACER\.dotnet\tools;C:\Program Files\Azure Data Studio\bin;D:\Program Files\Microsoft VS Code\bin
USERNAME=ACER
OS=Windows_NT
PROCESSOR_IDENTIFIER=Intel64 Family 6 Model 140 Stepping 1, GenuineIntel



---------------  S Y S T E M  ---------------

OS:
 Windows 10 , 64 bit Build 22000 (10.0.22000.708)
OS uptime: 2 days 4:44 hours

CPU: total 8 (initial active 8) (4 cores per cpu, 2 threads per core) family 6 model 140 stepping 1 microcode 0x86, cx8, cmov, fxsr, ht, mmx, 3dnowpref, sse, sse2, sse3, ssse3, sse4.1, sse4.2, popcnt, lzcnt, tsc, tscinvbit, avx, avx2, aes, erms, clmul, bmi1, bmi2, adx, avx512f, avx512dq, avx512cd, avx512bw, avx512vl, sha, fma, vzeroupper, avx512_vpopcntdq, avx512_vpclmulqdq, avx512_vaes, avx512_vnni, clflush, clflushopt, clwb, avx512_vbmi2, avx512_vbmi

Memory: 4k page, system-wide physical 16179M (5702M free)
TotalPageFile size 51430M (AvailPageFile size 111M)
current process WorkingSet (physical memory assigned to process): 10M, peak: 10M
current process commit charge ("private bytes"): 60M, peak: 314M

vm_info: Java HotSpot(TM) 64-Bit Server VM (17.0.1+12-LTS-39) for windows-amd64 JRE (17.0.1+12-LTS-39), built on Sep 27 2021 18:41:35 by "mach5one" with MS VC++ 16.8 (VS2019)

END.
